2024-05-08 12:58:03,990 [Worker-5: Loading available Gradle versions] INFO  o.e.b.c.i.u.g.PublishedGradleVersions - Gradle version information cache is out-of-date. Trying to update.
2024-05-08 12:58:04,444 [Worker-1: Decoration Calculation] ERROR o.e.m.c.i.p.r.ProjectRegistryReader - Can't read workspace state
java.io.InvalidClassException: org.eclipse.m2e.core.internal.project.registry.VersionlessKey; local class incompatible: stream classdesc serialVersionUID = 0, local class serialVersionUID = 2125977578206347429
	at java.base/java.io.ObjectStreamClass.initNonProxy(ObjectStreamClass.java:728) ~[na:na]
	at java.base/java.io.ObjectInputStream.readNonProxyDesc(ObjectInputStream.java:2086) ~[na:na]
	at java.base/java.io.ObjectInputStream.readClassDesc(ObjectInputStream.java:1933) ~[na:na]
	at java.base/java.io.ObjectInputStream.readOrdinaryObject(ObjectInputStream.java:2259) ~[na:na]
	at java.base/java.io.ObjectInputStream.readObject0(ObjectInputStream.java:1768) ~[na:na]
	at java.base/java.io.ObjectInputStream$FieldValues.<init>(ObjectInputStream.java:2641) ~[na:na]
	at java.base/java.io.ObjectInputStream.readSerialData(ObjectInputStream.java:2492) ~[na:na]
	at java.base/java.io.ObjectInputStream.readOrdinaryObject(ObjectInputStream.java:2292) ~[na:na]
	at java.base/java.io.ObjectInputStream.readObject0(ObjectInputStream.java:1768) ~[na:na]
	at java.base/java.io.ObjectInputStream.readObject(ObjectInputStream.java:543) ~[na:na]
	at java.base/java.io.ObjectInputStream.readObject(ObjectInputStream.java:501) ~[na:na]
	at java.base/java.util.HashSet.readObject(HashSet.java:345) ~[na:na]
	at java.base/jdk.internal.reflect.DirectMethodHandleAccessor.invoke(DirectMethodHandleAccessor.java:104) ~[na:na]
	at java.base/java.lang.reflect.Method.invoke(Method.java:577) ~[na:na]
	at java.base/java.io.ObjectStreamClass.invokeReadObject(ObjectStreamClass.java:1231) ~[na:na]
	at java.base/java.io.ObjectInputStream.readSerialData(ObjectInputStream.java:2458) ~[na:na]
	at java.base/java.io.ObjectInputStream.readOrdinaryObject(ObjectInputStream.java:2292) ~[na:na]
	at java.base/java.io.ObjectInputStream.readObject0(ObjectInputStream.java:1768) ~[na:na]
	at java.base/java.io.ObjectInputStream.readObject(ObjectInputStream.java:543) ~[na:na]
	at java.base/java.io.ObjectInputStream.readObject(ObjectInputStream.java:501) ~[na:na]
	at java.base/java.util.HashMap.readObject(HashMap.java:1552) ~[na:na]
	at java.base/jdk.internal.reflect.DirectMethodHandleAccessor.invoke(DirectMethodHandleAccessor.java:104) ~[na:na]
	at java.base/java.lang.reflect.Method.invoke(Method.java:577) ~[na:na]
	at java.base/java.io.ObjectStreamClass.invokeReadObject(ObjectStreamClass.java:1231) ~[na:na]
	at java.base/java.io.ObjectInputStream.readSerialData(ObjectInputStream.java:2458) ~[na:na]
	at java.base/java.io.ObjectInputStream.readOrdinaryObject(ObjectInputStream.java:2292) ~[na:na]
	at java.base/java.io.ObjectInputStream.readObject0(ObjectInputStream.java:1768) ~[na:na]
	at java.base/java.io.ObjectInputStream$FieldValues.<init>(ObjectInputStream.java:2641) ~[na:na]
	at java.base/java.io.ObjectInputStream.readSerialData(ObjectInputStream.java:2492) ~[na:na]
	at java.base/java.io.ObjectInputStream.readOrdinaryObject(ObjectInputStream.java:2292) ~[na:na]
	at java.base/java.io.ObjectInputStream.readObject0(ObjectInputStream.java:1768) ~[na:na]
	at java.base/java.io.ObjectInputStream.readObject(ObjectInputStream.java:543) ~[na:na]
	at java.base/java.io.ObjectInputStream.readObject(ObjectInputStream.java:501) ~[na:na]
	at org.eclipse.m2e.core.internal.project.registry.ProjectRegistryReader.readWorkspaceState(ProjectRegistryReader.java:67) ~[na:na]
	at org.eclipse.m2e.core.internal.project.registry.ProjectRegistryManager.<init>(ProjectRegistryManager.java:173) ~[na:na]
	at org.eclipse.m2e.core.internal.MavenPluginActivator.start(MavenPluginActivator.java:218) ~[na:na]
	at org.eclipse.osgi.internal.framework.BundleContextImpl$2.run(BundleContextImpl.java:818) ~[org.eclipse.osgi_3.18.0.v20220516-2155.jar:na]
	at org.eclipse.osgi.internal.framework.BundleContextImpl$2.run(BundleContextImpl.java:1) ~[org.eclipse.osgi_3.18.0.v20220516-2155.jar:na]
	at java.base/java.security.AccessController.doPrivileged(AccessController.java:569) ~[na:na]
	at org.eclipse.osgi.internal.framework.BundleContextImpl.startActivator(BundleContextImpl.java:810) ~[org.eclipse.osgi_3.18.0.v20220516-2155.jar:na]
	at org.eclipse.osgi.internal.framework.BundleContextImpl.start(BundleContextImpl.java:767) ~[org.eclipse.osgi_3.18.0.v20220516-2155.jar:na]
	at org.eclipse.osgi.internal.framework.EquinoxBundle.startWorker0(EquinoxBundle.java:1032) ~[org.eclipse.osgi_3.18.0.v20220516-2155.jar:na]
	at org.eclipse.osgi.internal.framework.EquinoxBundle$EquinoxModule.startWorker(EquinoxBundle.java:371) ~[org.eclipse.osgi_3.18.0.v20220516-2155.jar:na]
	at org.eclipse.osgi.container.Module.doStart(Module.java:605) ~[org.eclipse.osgi_3.18.0.v20220516-2155.jar:na]
	at org.eclipse.osgi.container.Module.start(Module.java:468) ~[org.eclipse.osgi_3.18.0.v20220516-2155.jar:na]
	at org.eclipse.osgi.framework.util.SecureAction.start(SecureAction.java:513) ~[org.eclipse.osgi_3.18.0.v20220516-2155.jar:na]
	at org.eclipse.osgi.internal.hooks.EclipseLazyStarter.postFindLocalClass(EclipseLazyStarter.java:117) ~[na:na]
	at org.eclipse.osgi.internal.loader.classpath.ClasspathManager.findLocalClass(ClasspathManager.java:570) ~[org.eclipse.osgi_3.18.0.v20220516-2155.jar:na]
	at org.eclipse.osgi.internal.loader.ModuleClassLoader.findLocalClass(ModuleClassLoader.java:335) ~[org.eclipse.osgi_3.18.0.v20220516-2155.jar:na]
	at org.eclipse.osgi.internal.loader.BundleLoader.findLocalClass(BundleLoader.java:397) ~[org.eclipse.osgi_3.18.0.v20220516-2155.jar:na]
	at org.eclipse.osgi.internal.loader.sources.SingleSourcePackage.loadClass(SingleSourcePackage.java:41) ~[org.eclipse.osgi_3.18.0.v20220516-2155.jar:na]
	at org.eclipse.osgi.internal.loader.BundleLoader.findClass0(BundleLoader.java:496) ~[org.eclipse.osgi_3.18.0.v20220516-2155.jar:na]
	at org.eclipse.osgi.internal.loader.BundleLoader.findClass(BundleLoader.java:416) ~[org.eclipse.osgi_3.18.0.v20220516-2155.jar:na]
	at org.eclipse.osgi.internal.loader.ModuleClassLoader.loadClass(ModuleClassLoader.java:168) ~[org.eclipse.osgi_3.18.0.v20220516-2155.jar:na]
	at java.base/java.lang.ClassLoader.loadClass(ClassLoader.java:521) ~[na:na]
	at java.base/java.lang.Class.getDeclaredConstructors0(Native Method) ~[na:na]
	at java.base/java.lang.Class.privateGetDeclaredConstructors(Class.java:3405) ~[na:na]
	at java.base/java.lang.Class.getConstructor0(Class.java:3610) ~[na:na]
	at java.base/java.lang.Class.getConstructor(Class.java:2303) ~[na:na]
	at org.eclipse.osgi.internal.framework.BundleContextImpl.loadBundleActivator(BundleContextImpl.java:801) ~[org.eclipse.osgi_3.18.0.v20220516-2155.jar:na]
	at org.eclipse.osgi.internal.framework.BundleContextImpl.start(BundleContextImpl.java:753) ~[org.eclipse.osgi_3.18.0.v20220516-2155.jar:na]
	at org.eclipse.osgi.internal.framework.EquinoxBundle.startWorker0(EquinoxBundle.java:1032) ~[org.eclipse.osgi_3.18.0.v20220516-2155.jar:na]
	at org.eclipse.osgi.internal.framework.EquinoxBundle$EquinoxModule.startWorker(EquinoxBundle.java:371) ~[org.eclipse.osgi_3.18.0.v20220516-2155.jar:na]
	at org.eclipse.osgi.container.Module.doStart(Module.java:605) ~[org.eclipse.osgi_3.18.0.v20220516-2155.jar:na]
	at org.eclipse.osgi.container.Module.start(Module.java:468) ~[org.eclipse.osgi_3.18.0.v20220516-2155.jar:na]
	at org.eclipse.osgi.framework.util.SecureAction.start(SecureAction.java:513) ~[org.eclipse.osgi_3.18.0.v20220516-2155.jar:na]
	at org.eclipse.osgi.internal.hooks.EclipseLazyStarter.postFindLocalClass(EclipseLazyStarter.java:117) ~[na:na]
	at org.eclipse.osgi.internal.loader.classpath.ClasspathManager.findLocalClass(ClasspathManager.java:570) ~[org.eclipse.osgi_3.18.0.v20220516-2155.jar:na]
	at org.eclipse.osgi.internal.loader.ModuleClassLoader.findLocalClass(ModuleClassLoader.java:335) ~[org.eclipse.osgi_3.18.0.v20220516-2155.jar:na]
	at org.eclipse.osgi.internal.loader.BundleLoader.findLocalClass(BundleLoader.java:397) ~[org.eclipse.osgi_3.18.0.v20220516-2155.jar:na]
	at org.eclipse.osgi.internal.loader.BundleLoader.findClass0(BundleLoader.java:500) ~[org.eclipse.osgi_3.18.0.v20220516-2155.jar:na]
	at org.eclipse.osgi.internal.loader.BundleLoader.findClass(BundleLoader.java:416) ~[org.eclipse.osgi_3.18.0.v20220516-2155.jar:na]
	at org.eclipse.osgi.internal.loader.ModuleClassLoader.loadClass(ModuleClassLoader.java:168) ~[org.eclipse.osgi_3.18.0.v20220516-2155.jar:na]
	at java.base/java.lang.ClassLoader.loadClass(ClassLoader.java:521) ~[na:na]
	at org.eclipse.osgi.internal.framework.EquinoxBundle.loadClass(EquinoxBundle.java:622) ~[org.eclipse.osgi_3.18.0.v20220516-2155.jar:na]
	at org.eclipse.core.internal.registry.osgi.RegistryStrategyOSGI.createExecutableExtension(RegistryStrategyOSGI.java:196) ~[org.eclipse.equinox.registry_3.11.100.v20211021-1418.jar:na]
	at org.eclipse.core.internal.registry.ExtensionRegistry.createExecutableExtension(ExtensionRegistry.java:920) ~[org.eclipse.equinox.registry_3.11.100.v20211021-1418.jar:na]
	at org.eclipse.core.internal.registry.ConfigurationElement.createExecutableExtension(ConfigurationElement.java:246) ~[org.eclipse.equinox.registry_3.11.100.v20211021-1418.jar:na]
	at org.eclipse.core.internal.registry.ConfigurationElementHandle.createExecutableExtension(ConfigurationElementHandle.java:63) ~[org.eclipse.equinox.registry_3.11.100.v20211021-1418.jar:na]
	at org.eclipse.jdt.core.JavaCore.computeClasspathContainerInitializer(JavaCore.java:3836) ~[na:na]
	at org.eclipse.jdt.core.JavaCore.getClasspathContainerInitializer(JavaCore.java:3812) ~[na:na]
	at org.eclipse.jdt.internal.core.JavaModelManager.initializeContainer(JavaModelManager.java:3126) ~[na:na]
	at org.eclipse.jdt.internal.core.JavaModelManager.getClasspathContainer(JavaModelManager.java:2093) ~[na:na]
	at org.eclipse.jdt.core.JavaCore.getClasspathContainer(JavaCore.java:3789) ~[na:na]
	at org.eclipse.jdt.internal.core.JavaProject.resolveClasspath(JavaProject.java:3270) ~[na:na]
	at org.eclipse.jdt.internal.core.JavaProject.resolveClasspath(JavaProject.java:3434) ~[na:na]
	at org.eclipse.jdt.internal.core.JavaProject.getResolvedClasspath(JavaProject.java:2519) ~[na:na]
	at org.eclipse.jdt.internal.core.JavaProject.findContainingClasspathEntry(JavaProject.java:2813) ~[na:na]
	at org.eclipse.jdt.internal.core.JavaProject.isOnClasspath(JavaProject.java:2797) ~[na:na]
	at org.eclipse.jdt.internal.ui.BuildpathIndicatorLabelDecorator.getOverlay(BuildpathIndicatorLabelDecorator.java:49) ~[na:na]
	at org.eclipse.jdt.internal.ui.BuildpathIndicatorLabelDecorator.decorate(BuildpathIndicatorLabelDecorator.java:35) ~[na:na]
	at org.eclipse.ui.internal.decorators.LightweightDecoratorDefinition.decorate(LightweightDecoratorDefinition.java:254) ~[na:na]
	at org.eclipse.ui.internal.decorators.LightweightDecoratorManager$LightweightRunnable.run(LightweightDecoratorManager.java:105) ~[na:na]
	at org.eclipse.core.runtime.SafeRunner.run(SafeRunner.java:45) ~[org.eclipse.equinox.common_3.16.100.v20220315-2327.jar:na]
	at org.eclipse.ui.internal.decorators.LightweightDecoratorManager.decorate(LightweightDecoratorManager.java:360) ~[na:na]
	at org.eclipse.ui.internal.decorators.LightweightDecoratorManager.getDecorations(LightweightDecoratorManager.java:346) ~[na:na]
	at org.eclipse.ui.internal.decorators.DecorationScheduler$1.queue(DecorationScheduler.java:419) ~[na:na]
	at org.eclipse.ui.internal.decorators.DecorationScheduler$1.run(DecorationScheduler.java:397) ~[na:na]
	at org.eclipse.core.internal.jobs.Worker.run(Worker.java:63) ~[org.eclipse.core.jobs_3.13.0.v20220512-1935.jar:na]
2024-05-08 12:58:07,242 [Worker-5: Updating Maven Dependencies] INFO  o.e.m.c.i.l.LifecycleMappingFactory - Using org.eclipse.m2e.jdt.JarLifecycleMapping lifecycle mapping for MavenProject: Pr17:Pr17:0.0.1-SNAPSHOT @ C:\Users\Zainab\eclipse-workspace\Pr17\pom.xml.
2024-05-08 12:58:08,930 [Worker-0: Building] WARN  o.e.m.c.i.embedder.EclipseLogger - Using platform encoding (UTF-8 actually) to copy filtered resources, i.e. build is platform dependent!
2024-05-08 12:58:08,932 [Worker-0: Building] INFO  o.e.m.c.i.embedder.EclipseLogger - skip non existing resourceDirectory C:\Users\Zainab\eclipse-workspace\Pr17\src\main\resources
2024-05-08 12:58:08,937 [Worker-0: Building] WARN  o.e.m.c.i.embedder.EclipseLogger - Using platform encoding (UTF-8 actually) to copy filtered resources, i.e. build is platform dependent!
2024-05-08 12:58:08,939 [Worker-0: Building] INFO  o.e.m.c.i.embedder.EclipseLogger - skip non existing resourceDirectory C:\Users\Zainab\eclipse-workspace\Pr17\src\test\resources
